[{"line":1,"elements":[{"start_timestamp":"2023-09-20T09:26:54.261Z","line":4,"name":"Title of your scenario","description":"","id":"title-of-your-feature;title-of-your-scenario","type":"scenario","keyword":"Scenario","steps":[{"result":{"error_message":"java.lang.ExceptionInInitializerError\r\n\tat StepDefinitions.loignSteps.test(loignSteps.java:13)\r\n\tat âœ½.launch saas application(file:///C:/Users/bhuvansundar_s/eclipse-workspace/CucumberJava/src/test/resources/Features/login.feature:5)\r\nCaused by: org.openqa.selenium.remote.NoSuchDriverException: Unable to obtain: Capabilities {browserName: MicrosoftEdge, ms:edgeOptions: {args: [--remote-allow-origins=*], extensions: []}}, error Command failed with code: 65, executed: [--browser, MicrosoftEdge, --output, json]\nerror sending request for url (https://msedgedriver.azureedge.net/LATEST_RELEASE_117_WINDOWS): error trying to connect: dns error: This is usually a temporary error during hostname resolution and means that the local server did not receive a response from an authoritative server. (os error 11002)\nBuild info: version: '4.12.1', revision: '8e34639b11'\nSystem info: os.name: 'Windows 11', os.arch: 'amd64', os.version: '10.0', java.version: '17.0.3'\nDriver info: driver.version: EdgeDriver\r\n\tat org.openqa.selenium.remote.service.DriverFinder.getPath(DriverFinder.java:25)\r\n\tat org.openqa.selenium.remote.service.DriverFinder.getPath(DriverFinder.java:13)\r\n\tat org.openqa.selenium.edge.EdgeDriver.generateExecutor(EdgeDriver.java:71)\r\n\tat org.openqa.selenium.edge.EdgeDriver.<init>(EdgeDriver.java:60)\r\n\tat org.openqa.selenium.edge.EdgeDriver.<init>(EdgeDriver.java:56)\r\n\tat org.openqa.selenium.edge.EdgeDriver.<init>(EdgeDriver.java:48)\r\n\tat org.openqa.selenium.edge.EdgeDriver.<init>(EdgeDriver.java:44)\r\n\tat driverActions.actions.<clinit>(actions.java:11)\r\n\tat StepDefinitions.loignSteps.test(loignSteps.java:13)\r\n\tat java.base/jdk.internal.reflect.NativeMethodAccessorImpl.invoke0(Native Method)\r\n\tat java.base/jdk.internal.reflect.NativeMethodAccessorImpl.invoke(NativeMethodAccessorImpl.java:77)\r\n\tat java.base/jdk.internal.reflect.DelegatingMethodAccessorImpl.invoke(DelegatingMethodAccessorImpl.java:43)\r\n\tat java.base/java.lang.reflect.Method.invoke(Method.java:568)\r\n\tat io.cucumber.java.Invoker.doInvoke(Invoker.java:66)\r\n\tat io.cucumber.java.Invoker.invoke(Invoker.java:24)\r\n\tat io.cucumber.java.AbstractGlueDefinition.invokeMethod(AbstractGlueDefinition.java:47)\r\n\tat io.cucumber.java.JavaStepDefinition.execute(JavaStepDefinition.java:29)\r\n\tat io.cucumber.core.runner.CoreStepDefinition.execute(CoreStepDefinition.java:66)\r\n\tat io.cucumber.core.runner.PickleStepDefinitionMatch.runStep(PickleStepDefinitionMatch.java:63)\r\n\tat io.cucumber.core.runner.ExecutionMode$1.execute(ExecutionMode.java:10)\r\n\tat io.cucumber.core.runner.TestStep.executeStep(TestStep.java:84)\r\n\tat io.cucumber.core.runner.TestStep.run(TestStep.java:56)\r\n\tat io.cucumber.core.runner.PickleStepTestStep.run(PickleStepTestStep.java:51)\r\n\tat io.cucumber.core.runner.TestCase.run(TestCase.java:84)\r\n\tat io.cucumber.core.runner.Runner.runPickle(Runner.java:75)\r\n\tat io.cucumber.junit.PickleRunners$NoStepDescriptions.lambda$run$0(PickleRunners.java:151)\r\n\tat io.cucumber.core.runtime.CucumberExecutionContext.lambda$runTestCase$5(CucumberExecutionContext.java:137)\r\n\tat io.cucumber.core.runtime.RethrowingThrowableCollector.executeAndThrow(RethrowingThrowableCollector.java:23)\r\n\tat io.cucumber.core.runtime.CucumberExecutionContext.runTestCase(CucumberExecutionContext.java:137)\r\n\tat io.cucumber.junit.PickleRunners$NoStepDescriptions.run(PickleRunners.java:148)\r\n\tat io.cucumber.junit.FeatureRunner.runChild(FeatureRunner.java:144)\r\n\tat io.cucumber.junit.FeatureRunner.runChild(FeatureRunner.java:28)\r\n\tat org.junit.runners.ParentRunner$4.run(ParentRunner.java:331)\r\n\tat org.junit.runners.ParentRunner$1.schedule(ParentRunner.java:79)\r\n\tat org.junit.runners.ParentRunner.runChildren(ParentRunner.java:329)\r\n\tat org.junit.runners.ParentRunner.access$100(ParentRunner.java:66)\r\n\tat org.junit.runners.ParentRunner$2.evaluate(ParentRunner.java:293)\r\n\tat org.junit.runners.ParentRunner$3.evaluate(ParentRunner.java:306)\r\n\tat org.junit.runners.ParentRunner.run(ParentRunner.java:413)\r\n\tat io.cucumber.junit.FeatureRunner.run(FeatureRunner.java:137)\r\n\tat io.cucumber.junit.Cucumber.runChild(Cucumber.java:196)\r\n\tat io.cucumber.junit.Cucumber.runChild(Cucumber.java:89)\r\n\tat org.junit.runners.ParentRunner$4.run(ParentRunner.java:331)\r\n\tat org.junit.runners.ParentRunner$1.schedule(ParentRunner.java:79)\r\n\tat org.junit.runners.ParentRunner.runChildren(ParentRunner.java:329)\r\n\tat org.junit.runners.ParentRunner.access$100(ParentRunner.java:66)\r\n\tat org.junit.runners.ParentRunner$2.evaluate(ParentRunner.java:293)\r\n\tat io.cucumber.core.runtime.CucumberExecutionContext.lambda$runFeatures$6(CucumberExecutionContext.java:148)\r\n\tat io.cucumber.core.runtime.CucumberExecutionContext.execute(CucumberExecutionContext.java:163)\r\n\tat io.cucumber.core.runtime.CucumberExecutionContext.runFeatures(CucumberExecutionContext.java:146)\r\n\tat io.cucumber.junit.Cucumber$StartAndFinishTestRun.evaluate(Cucumber.java:226)\r\n\tat org.junit.runners.ParentRunner$3.evaluate(ParentRunner.java:306)\r\n\tat org.junit.runners.ParentRunner.run(ParentRunner.java:413)\r\n\tat org.eclipse.jdt.internal.junit4.runner.JUnit4TestReference.run(JUnit4TestReference.java:93)\r\n\tat org.eclipse.jdt.internal.junit.runner.TestExecution.run(TestExecution.java:40)\r\n\tat org.eclipse.jdt.internal.junit.runner.RemoteTestRunner.runTests(RemoteTestRunner.java:529)\r\n\tat org.eclipse.jdt.internal.junit.runner.RemoteTestRunner.runTests(RemoteTestRunner.java:756)\r\n\tat org.eclipse.jdt.internal.junit.runner.RemoteTestRunner.run(RemoteTestRunner.java:452)\r\n\tat org.eclipse.jdt.internal.junit.runner.RemoteTestRunner.main(RemoteTestRunner.java:210)\r\nCaused by: org.openqa.selenium.WebDriverException: Command failed with code: 65, executed: [--browser, MicrosoftEdge, --output, json]\nerror sending request for url (https://msedgedriver.azureedge.net/LATEST_RELEASE_117_WINDOWS): error trying to connect: dns error: This is usually a temporary error during hostname resolution and means that the local server did not receive a response from an authoritative server. (os error 11002)\nBuild info: version: '4.12.1', revision: '8e34639b11'\nSystem info: os.name: 'Windows 11', os.arch: 'amd64', os.version: '10.0', java.version: '17.0.3'\nDriver info: driver.version: EdgeDriver\r\n\tat org.openqa.selenium.manager.SeleniumManager.runCommand(SeleniumManager.java:144)\r\n\tat org.openqa.selenium.manager.SeleniumManager.getDriverPath(SeleniumManager.java:299)\r\n\tat org.openqa.selenium.remote.service.DriverFinder.getPath(DriverFinder.java:22)\r\n\t... 58 more\r\n","duration":1090742400,"status":"failed"},"line":5,"name":"launch saas application","match":{"location":"StepDefinitions.loignSteps.test()"},"keyword":"Given "},{"result":{"status":"skipped"},"line":6,"name":"welcome text","match":{"location":"StepDefinitions.loignSteps.welcome()"},"keyword":"Then "},{"result":{"duration":97600,"status":"skipped"},"line":7,"name":"verify","match":{"location":"StepDefinitions.loignSteps.verify()"},"keyword":"And "}]}],"name":"Title of your feature","description":"","id":"title-of-your-feature","keyword":"Feature","uri":"file:src/test/resources/Features/login.feature","tags":[]}]